03-May-2025 08:09:17.532 INFO [main] org.apache.catalina.startup.VersionLoggerListener.log Server version name:   Apache Tomcat/11.0.6
03-May-2025 08:09:17.540 INFO [main] org.apache.catalina.startup.VersionLoggerListener.log Server built:          Apr 1 2025 14:40:40 UTC
03-May-2025 08:09:17.543 INFO [main] org.apache.catalina.startup.VersionLoggerListener.log Server version number: 11.0.6.0
03-May-2025 08:09:17.543 INFO [main] org.apache.catalina.startup.VersionLoggerListener.log OS Name:               Windows 10
03-May-2025 08:09:17.543 INFO [main] org.apache.catalina.startup.VersionLoggerListener.log OS Version:            10.0
03-May-2025 08:09:17.544 INFO [main] org.apache.catalina.startup.VersionLoggerListener.log Architecture:          amd64
03-May-2025 08:09:17.544 INFO [main] org.apache.catalina.startup.VersionLoggerListener.log Java Home:             c:\jdk23
03-May-2025 08:09:17.544 INFO [main] org.apache.catalina.startup.VersionLoggerListener.log JVM Version:           23+37-2369
03-May-2025 08:09:17.544 INFO [main] org.apache.catalina.startup.VersionLoggerListener.log JVM Vendor:            Oracle Corporation
03-May-2025 08:09:17.544 INFO [main] org.apache.catalina.startup.VersionLoggerListener.log CATALINA_BASE:         C:\tomcat11
03-May-2025 08:09:17.545 INFO [main] org.apache.catalina.startup.VersionLoggerListener.log CATALINA_HOME:         C:\tomcat11
03-May-2025 08:09:17.564 INFO [main] org.apache.catalina.startup.VersionLoggerListener.log Command line argument: -Djava.util.logging.config.file=c:\tomcat11\conf\logging.properties
03-May-2025 08:09:17.564 INFO [main] org.apache.catalina.startup.VersionLoggerListener.log Command line argument: -Djava.util.logging.manager=org.apache.juli.ClassLoaderLogManager
03-May-2025 08:09:17.564 INFO [main] org.apache.catalina.startup.VersionLoggerListener.log Command line argument: -Djdk.tls.ephemeralDHKeySize=2048
03-May-2025 08:09:17.565 INFO [main] org.apache.catalina.startup.VersionLoggerListener.log Command line argument: --add-opens=java.base/java.lang=ALL-UNNAMED
03-May-2025 08:09:17.565 INFO [main] org.apache.catalina.startup.VersionLoggerListener.log Command line argument: --add-opens=java.base/java.lang.reflect=ALL-UNNAMED
03-May-2025 08:09:17.566 INFO [main] org.apache.catalina.startup.VersionLoggerListener.log Command line argument: --add-opens=java.base/java.io=ALL-UNNAMED
03-May-2025 08:09:17.567 INFO [main] org.apache.catalina.startup.VersionLoggerListener.log Command line argument: --add-opens=java.base/java.util=ALL-UNNAMED
03-May-2025 08:09:17.567 INFO [main] org.apache.catalina.startup.VersionLoggerListener.log Command line argument: --add-opens=java.base/java.util.concurrent=ALL-UNNAMED
03-May-2025 08:09:17.568 INFO [main] org.apache.catalina.startup.VersionLoggerListener.log Command line argument: --add-opens=java.rmi/sun.rmi.transport=ALL-UNNAMED
03-May-2025 08:09:17.568 INFO [main] org.apache.catalina.startup.VersionLoggerListener.log Command line argument: --enable-native-access=ALL-UNNAMED
03-May-2025 08:09:17.571 INFO [main] org.apache.catalina.startup.VersionLoggerListener.log Command line argument: -Dcatalina.base=c:\tomcat11
03-May-2025 08:09:17.572 INFO [main] org.apache.catalina.startup.VersionLoggerListener.log Command line argument: -Dcatalina.home=c:\tomcat11
03-May-2025 08:09:17.575 INFO [main] org.apache.catalina.startup.VersionLoggerListener.log Command line argument: -Djava.io.tmpdir=c:\tomcat11\temp
03-May-2025 08:09:17.587 INFO [main] org.apache.catalina.core.AprLifecycleListener.lifecycleEvent The Apache Tomcat Native library which allows using OpenSSL was not found on the java.library.path: [c:\jdk23\bin;C:\Windows\Sun\Java\bin;C:\Windows\system32;C:\Windows;C:\Program Files\Common Files\Oracle\Java\javapath;C:\Windows\system32;C:\Windows;C:\Windows\System32\Wbem;C:\Windows\System32\WindowsPowerShell\v1.0\;C:\Windows\System32\OpenSSH\;C:\MinGW\bin;c:\jdk23\BIN;C:\jdk23\bin;C:\mongo-cxx-driver-r3.11.0\src\mongocxx\cmake;C:\apache-maven-3.9.9\apache-maven\src\bin;C:\Program Files\Git\cmd;c:\gradle-8.12.1\bin;C:\Program Files\nodejs\;C:\Program Files\PostgreSQL\17\bin;C:\Python;C:\Program Files\JetBrains\PyCharm Community Edition 2024.2.4\bin;C:\Users\ak\AppData\Local\Programs\Python\Python310\Scripts\;C:\Users\ak\AppData\Local\Programs\Python\Python310\;C:\Users\ak\AppData\Local\Programs\Python\Python313\Scripts\;C:\Users\ak\AppData\Local\Programs\Python\Python313\;C:\Users\ak\AppData\Local\Microsoft\WindowsApps;C:\Users\ak\AppData\Local\Programs\Microsoft VS Code\bin;C:\jdk23\bin;C:\Program Files\nodejs\node_modules\npm\bin;C:\Users\ak\AppData\Local\GitHubDesktop\bin;c:\gradle-8.12.1\bin;C:\Users\ak\AppData\Local\Microsoft\WinGet\Packages\Fastfetch-cli.Fastfetch_Microsoft.Winget.Source_8wekyb3d8bbwe;C:\Users\ak\AppData\Roaming\npm;C:\Program Files\JetBrains\PyCharm Community Edition 2024.2.4\bin;;C:\Python;;.]
03-May-2025 08:09:18.009 INFO [main] org.apache.coyote.AbstractProtocol.init Initializing ProtocolHandler ["http-nio-7070"]
03-May-2025 08:09:18.042 INFO [main] org.apache.catalina.startup.Catalina.load Server initialization in [815] milliseconds
03-May-2025 08:09:18.111 INFO [main] org.apache.catalina.core.StandardService.startInternal Starting service [Catalina]
03-May-2025 08:09:18.111 INFO [main] org.apache.catalina.core.StandardEngine.startInternal Starting Servlet engine: [Apache Tomcat/11.0.6]
03-May-2025 08:09:18.125 INFO [main] org.apache.catalina.startup.HostConfig.deployDirectory Deploying web application directory [C:\tomcat11\webapps\docs]
03-May-2025 08:09:18.527 INFO [main] org.apache.catalina.startup.HostConfig.deployDirectory Deployment of web application directory [C:\tomcat11\webapps\docs] has finished in [401] ms
03-May-2025 08:09:18.528 INFO [main] org.apache.catalina.startup.HostConfig.deployDirectory Deploying web application directory [C:\tomcat11\webapps\examples]
03-May-2025 08:09:19.503 INFO [main] org.apache.catalina.startup.HostConfig.deployDirectory Deployment of web application directory [C:\tomcat11\webapps\examples] has finished in [975] ms
03-May-2025 08:09:19.504 INFO [main] org.apache.catalina.startup.HostConfig.deployDirectory Deploying web application directory [C:\tomcat11\webapps\host-manager]
03-May-2025 08:09:19.555 INFO [main] org.apache.catalina.startup.HostConfig.deployDirectory Deployment of web application directory [C:\tomcat11\webapps\host-manager] has finished in [51] ms
03-May-2025 08:09:19.556 INFO [main] org.apache.catalina.startup.HostConfig.deployDirectory Deploying web application directory [C:\tomcat11\webapps\manager]
03-May-2025 08:09:19.594 INFO [main] org.apache.catalina.startup.HostConfig.deployDirectory Deployment of web application directory [C:\tomcat11\webapps\manager] has finished in [38] ms
03-May-2025 08:09:19.595 INFO [main] org.apache.catalina.startup.HostConfig.deployDirectory Deploying web application directory [C:\tomcat11\webapps\one]
03-May-2025 08:09:19.633 INFO [main] org.apache.catalina.startup.HostConfig.deployDirectory Deployment of web application directory [C:\tomcat11\webapps\one] has finished in [38] ms
03-May-2025 08:09:19.635 INFO [main] org.apache.catalina.startup.HostConfig.deployDirectory Deploying web application directory [C:\tomcat11\webapps\ROOT]
03-May-2025 08:09:19.659 INFO [main] org.apache.catalina.startup.HostConfig.deployDirectory Deployment of web application directory [C:\tomcat11\webapps\ROOT] has finished in [25] ms
03-May-2025 08:09:19.672 INFO [main] org.apache.coyote.AbstractProtocol.start Starting ProtocolHandler ["http-nio-7070"]
03-May-2025 08:09:19.706 INFO [main] org.apache.catalina.startup.Catalina.start Server startup in [1662] milliseconds
03-May-2025 08:49:43.272 INFO [Thread-1] org.apache.coyote.AbstractProtocol.pause Pausing ProtocolHandler ["http-nio-7070"]
03-May-2025 08:49:43.282 INFO [Thread-1] org.apache.catalina.core.StandardService.stopInternal Stopping service [Catalina]
03-May-2025 08:49:43.306 INFO [Thread-1] org.apache.coyote.AbstractProtocol.stop Stopping ProtocolHandler ["http-nio-7070"]
03-May-2025 08:49:43.314 INFO [Thread-1] org.apache.coyote.AbstractProtocol.destroy Destroying ProtocolHandler ["http-nio-7070"]
03-May-2025 08:49:48.929 INFO [main] org.apache.catalina.startup.VersionLoggerListener.log Server version name:   Apache Tomcat/11.0.6
03-May-2025 08:49:48.936 INFO [main] org.apache.catalina.startup.VersionLoggerListener.log Server built:          Apr 1 2025 14:40:40 UTC
03-May-2025 08:49:48.937 INFO [main] org.apache.catalina.startup.VersionLoggerListener.log Server version number: 11.0.6.0
03-May-2025 08:49:48.937 INFO [main] org.apache.catalina.startup.VersionLoggerListener.log OS Name:               Windows 10
03-May-2025 08:49:48.937 INFO [main] org.apache.catalina.startup.VersionLoggerListener.log OS Version:            10.0
03-May-2025 08:49:48.938 INFO [main] org.apache.catalina.startup.VersionLoggerListener.log Architecture:          amd64
03-May-2025 08:49:48.938 INFO [main] org.apache.catalina.startup.VersionLoggerListener.log Java Home:             c:\jdk23
03-May-2025 08:49:48.938 INFO [main] org.apache.catalina.startup.VersionLoggerListener.log JVM Version:           23+37-2369
03-May-2025 08:49:48.938 INFO [main] org.apache.catalina.startup.VersionLoggerListener.log JVM Vendor:            Oracle Corporation
03-May-2025 08:49:48.939 INFO [main] org.apache.catalina.startup.VersionLoggerListener.log CATALINA_BASE:         C:\tomcat11
03-May-2025 08:49:48.939 INFO [main] org.apache.catalina.startup.VersionLoggerListener.log CATALINA_HOME:         C:\tomcat11
03-May-2025 08:49:48.949 INFO [main] org.apache.catalina.startup.VersionLoggerListener.log Command line argument: -Djava.util.logging.config.file=c:\tomcat11\conf\logging.properties
03-May-2025 08:49:48.950 INFO [main] org.apache.catalina.startup.VersionLoggerListener.log Command line argument: -Djava.util.logging.manager=org.apache.juli.ClassLoaderLogManager
03-May-2025 08:49:48.950 INFO [main] org.apache.catalina.startup.VersionLoggerListener.log Command line argument: -Djdk.tls.ephemeralDHKeySize=2048
03-May-2025 08:49:48.950 INFO [main] org.apache.catalina.startup.VersionLoggerListener.log Command line argument: --add-opens=java.base/java.lang=ALL-UNNAMED
03-May-2025 08:49:48.950 INFO [main] org.apache.catalina.startup.VersionLoggerListener.log Command line argument: --add-opens=java.base/java.lang.reflect=ALL-UNNAMED
03-May-2025 08:49:48.951 INFO [main] org.apache.catalina.startup.VersionLoggerListener.log Command line argument: --add-opens=java.base/java.io=ALL-UNNAMED
03-May-2025 08:49:48.951 INFO [main] org.apache.catalina.startup.VersionLoggerListener.log Command line argument: --add-opens=java.base/java.util=ALL-UNNAMED
03-May-2025 08:49:48.952 INFO [main] org.apache.catalina.startup.VersionLoggerListener.log Command line argument: --add-opens=java.base/java.util.concurrent=ALL-UNNAMED
03-May-2025 08:49:48.953 INFO [main] org.apache.catalina.startup.VersionLoggerListener.log Command line argument: --add-opens=java.rmi/sun.rmi.transport=ALL-UNNAMED
03-May-2025 08:49:48.954 INFO [main] org.apache.catalina.startup.VersionLoggerListener.log Command line argument: --enable-native-access=ALL-UNNAMED
03-May-2025 08:49:48.957 INFO [main] org.apache.catalina.startup.VersionLoggerListener.log Command line argument: -Dcatalina.base=c:\tomcat11
03-May-2025 08:49:48.962 INFO [main] org.apache.catalina.startup.VersionLoggerListener.log Command line argument: -Dcatalina.home=c:\tomcat11
03-May-2025 08:49:48.962 INFO [main] org.apache.catalina.startup.VersionLoggerListener.log Command line argument: -Djava.io.tmpdir=c:\tomcat11\temp
03-May-2025 08:49:48.974 INFO [main] org.apache.catalina.core.AprLifecycleListener.lifecycleEvent The Apache Tomcat Native library which allows using OpenSSL was not found on the java.library.path: [c:\jdk23\bin;C:\Windows\Sun\Java\bin;C:\Windows\system32;C:\Windows;C:\Program Files\Common Files\Oracle\Java\javapath;C:\Windows\system32;C:\Windows;C:\Windows\System32\Wbem;C:\Windows\System32\WindowsPowerShell\v1.0\;C:\Windows\System32\OpenSSH\;C:\MinGW\bin;c:\jdk23\BIN;C:\jdk23\bin;C:\mongo-cxx-driver-r3.11.0\src\mongocxx\cmake;C:\apache-maven-3.9.9\apache-maven\src\bin;C:\Program Files\Git\cmd;c:\gradle-8.12.1\bin;C:\Program Files\nodejs\;C:\Program Files\PostgreSQL\17\bin;C:\Python;C:\Program Files\JetBrains\PyCharm Community Edition 2024.2.4\bin;C:\Users\ak\AppData\Local\Programs\Python\Python310\Scripts\;C:\Users\ak\AppData\Local\Programs\Python\Python310\;C:\Users\ak\AppData\Local\Programs\Python\Python313\Scripts\;C:\Users\ak\AppData\Local\Programs\Python\Python313\;C:\Users\ak\AppData\Local\Microsoft\WindowsApps;C:\Users\ak\AppData\Local\Programs\Microsoft VS Code\bin;C:\jdk23\bin;C:\Program Files\nodejs\node_modules\npm\bin;C:\Users\ak\AppData\Local\GitHubDesktop\bin;c:\gradle-8.12.1\bin;C:\Users\ak\AppData\Local\Microsoft\WinGet\Packages\Fastfetch-cli.Fastfetch_Microsoft.Winget.Source_8wekyb3d8bbwe;C:\Users\ak\AppData\Roaming\npm;C:\Program Files\JetBrains\PyCharm Community Edition 2024.2.4\bin;;C:\Python;;.]
03-May-2025 08:49:49.281 INFO [main] org.apache.coyote.AbstractProtocol.init Initializing ProtocolHandler ["http-nio-8080"]
03-May-2025 08:49:49.305 INFO [main] org.apache.catalina.startup.Catalina.load Server initialization in [578] milliseconds
03-May-2025 08:49:49.361 INFO [main] org.apache.catalina.core.StandardService.startInternal Starting service [Catalina]
03-May-2025 08:49:49.361 INFO [main] org.apache.catalina.core.StandardEngine.startInternal Starting Servlet engine: [Apache Tomcat/11.0.6]
03-May-2025 08:49:49.374 INFO [main] org.apache.catalina.startup.HostConfig.deployDirectory Deploying web application directory [C:\tomcat11\webapps\docs]
03-May-2025 08:49:49.669 INFO [main] org.apache.catalina.startup.HostConfig.deployDirectory Deployment of web application directory [C:\tomcat11\webapps\docs] has finished in [295] ms
03-May-2025 08:49:49.670 INFO [main] org.apache.catalina.startup.HostConfig.deployDirectory Deploying web application directory [C:\tomcat11\webapps\examples]
03-May-2025 08:49:50.010 INFO [main] org.apache.catalina.startup.HostConfig.deployDirectory Deployment of web application directory [C:\tomcat11\webapps\examples] has finished in [340] ms
03-May-2025 08:49:50.010 INFO [main] org.apache.catalina.startup.HostConfig.deployDirectory Deploying web application directory [C:\tomcat11\webapps\host-manager]
03-May-2025 08:49:50.045 INFO [main] org.apache.catalina.startup.HostConfig.deployDirectory Deployment of web application directory [C:\tomcat11\webapps\host-manager] has finished in [35] ms
03-May-2025 08:49:50.046 INFO [main] org.apache.catalina.startup.HostConfig.deployDirectory Deploying web application directory [C:\tomcat11\webapps\manager]
03-May-2025 08:49:50.078 INFO [main] org.apache.catalina.startup.HostConfig.deployDirectory Deployment of web application directory [C:\tomcat11\webapps\manager] has finished in [32] ms
03-May-2025 08:49:50.078 INFO [main] org.apache.catalina.startup.HostConfig.deployDirectory Deploying web application directory [C:\tomcat11\webapps\one]
03-May-2025 08:49:50.112 INFO [main] org.apache.catalina.startup.HostConfig.deployDirectory Deployment of web application directory [C:\tomcat11\webapps\one] has finished in [34] ms
03-May-2025 08:49:50.113 INFO [main] org.apache.catalina.startup.HostConfig.deployDirectory Deploying web application directory [C:\tomcat11\webapps\ROOT]
03-May-2025 08:49:50.135 INFO [main] org.apache.catalina.startup.HostConfig.deployDirectory Deployment of web application directory [C:\tomcat11\webapps\ROOT] has finished in [21] ms
03-May-2025 08:49:50.141 INFO [main] org.apache.coyote.AbstractProtocol.start Starting ProtocolHandler ["http-nio-8080"]
03-May-2025 08:49:50.162 INFO [main] org.apache.catalina.startup.Catalina.start Server startup in [854] milliseconds
03-May-2025 08:51:21.803 INFO [Thread-1] org.apache.coyote.AbstractProtocol.pause Pausing ProtocolHandler ["http-nio-8080"]
03-May-2025 08:51:21.808 INFO [Thread-1] org.apache.catalina.core.StandardService.stopInternal Stopping service [Catalina]
03-May-2025 08:51:21.831 INFO [Thread-1] org.apache.coyote.AbstractProtocol.stop Stopping ProtocolHandler ["http-nio-8080"]
03-May-2025 08:51:21.845 INFO [Thread-1] org.apache.coyote.AbstractProtocol.destroy Destroying ProtocolHandler ["http-nio-8080"]
03-May-2025 08:53:55.729 INFO [main] org.apache.catalina.startup.VersionLoggerListener.log Server version name:   Apache Tomcat/11.0.6
03-May-2025 08:53:55.733 INFO [main] org.apache.catalina.startup.VersionLoggerListener.log Server built:          Apr 1 2025 14:40:40 UTC
03-May-2025 08:53:55.733 INFO [main] org.apache.catalina.startup.VersionLoggerListener.log Server version number: 11.0.6.0
03-May-2025 08:53:55.734 INFO [main] org.apache.catalina.startup.VersionLoggerListener.log OS Name:               Windows 10
03-May-2025 08:53:55.734 INFO [main] org.apache.catalina.startup.VersionLoggerListener.log OS Version:            10.0
03-May-2025 08:53:55.734 INFO [main] org.apache.catalina.startup.VersionLoggerListener.log Architecture:          amd64
03-May-2025 08:53:55.734 INFO [main] org.apache.catalina.startup.VersionLoggerListener.log Java Home:             c:\jdk23
03-May-2025 08:53:55.734 INFO [main] org.apache.catalina.startup.VersionLoggerListener.log JVM Version:           23+37-2369
03-May-2025 08:53:55.735 INFO [main] org.apache.catalina.startup.VersionLoggerListener.log JVM Vendor:            Oracle Corporation
03-May-2025 08:53:55.735 INFO [main] org.apache.catalina.startup.VersionLoggerListener.log CATALINA_BASE:         C:\tomcat11
03-May-2025 08:53:55.735 INFO [main] org.apache.catalina.startup.VersionLoggerListener.log CATALINA_HOME:         C:\tomcat11
03-May-2025 08:53:55.744 INFO [main] org.apache.catalina.startup.VersionLoggerListener.log Command line argument: -Djava.util.logging.config.file=c:\tomcat11\conf\logging.properties
03-May-2025 08:53:55.744 INFO [main] org.apache.catalina.startup.VersionLoggerListener.log Command line argument: -Djava.util.logging.manager=org.apache.juli.ClassLoaderLogManager
03-May-2025 08:53:55.745 INFO [main] org.apache.catalina.startup.VersionLoggerListener.log Command line argument: -Djdk.tls.ephemeralDHKeySize=2048
03-May-2025 08:53:55.745 INFO [main] org.apache.catalina.startup.VersionLoggerListener.log Command line argument: --add-opens=java.base/java.lang=ALL-UNNAMED
03-May-2025 08:53:55.745 INFO [main] org.apache.catalina.startup.VersionLoggerListener.log Command line argument: --add-opens=java.base/java.lang.reflect=ALL-UNNAMED
03-May-2025 08:53:55.745 INFO [main] org.apache.catalina.startup.VersionLoggerListener.log Command line argument: --add-opens=java.base/java.io=ALL-UNNAMED
03-May-2025 08:53:55.746 INFO [main] org.apache.catalina.startup.VersionLoggerListener.log Command line argument: --add-opens=java.base/java.util=ALL-UNNAMED
03-May-2025 08:53:55.747 INFO [main] org.apache.catalina.startup.VersionLoggerListener.log Command line argument: --add-opens=java.base/java.util.concurrent=ALL-UNNAMED
03-May-2025 08:53:55.748 INFO [main] org.apache.catalina.startup.VersionLoggerListener.log Command line argument: --add-opens=java.rmi/sun.rmi.transport=ALL-UNNAMED
03-May-2025 08:53:55.750 INFO [main] org.apache.catalina.startup.VersionLoggerListener.log Command line argument: --enable-native-access=ALL-UNNAMED
03-May-2025 08:53:55.753 INFO [main] org.apache.catalina.startup.VersionLoggerListener.log Command line argument: -Dcatalina.base=c:\tomcat11
03-May-2025 08:53:55.753 INFO [main] org.apache.catalina.startup.VersionLoggerListener.log Command line argument: -Dcatalina.home=c:\tomcat11
03-May-2025 08:53:55.754 INFO [main] org.apache.catalina.startup.VersionLoggerListener.log Command line argument: -Djava.io.tmpdir=c:\tomcat11\temp
03-May-2025 08:53:55.766 INFO [main] org.apache.catalina.core.AprLifecycleListener.lifecycleEvent The Apache Tomcat Native library which allows using OpenSSL was not found on the java.library.path: [c:\jdk23\bin;C:\Windows\Sun\Java\bin;C:\Windows\system32;C:\Windows;C:\Program Files\Common Files\Oracle\Java\javapath;C:\Windows\system32;C:\Windows;C:\Windows\System32\Wbem;C:\Windows\System32\WindowsPowerShell\v1.0\;C:\Windows\System32\OpenSSH\;C:\MinGW\bin;c:\jdk23\BIN;C:\jdk23\bin;C:\mongo-cxx-driver-r3.11.0\src\mongocxx\cmake;C:\apache-maven-3.9.9\apache-maven\src\bin;C:\Program Files\Git\cmd;c:\gradle-8.12.1\bin;C:\Program Files\nodejs\;C:\Program Files\PostgreSQL\17\bin;C:\Python;C:\Program Files\JetBrains\PyCharm Community Edition 2024.2.4\bin;C:\Users\ak\AppData\Local\Programs\Python\Python310\Scripts\;C:\Users\ak\AppData\Local\Programs\Python\Python310\;C:\Users\ak\AppData\Local\Programs\Python\Python313\Scripts\;C:\Users\ak\AppData\Local\Programs\Python\Python313\;C:\Users\ak\AppData\Local\Microsoft\WindowsApps;C:\Users\ak\AppData\Local\Programs\Microsoft VS Code\bin;C:\jdk23\bin;C:\Program Files\nodejs\node_modules\npm\bin;C:\Users\ak\AppData\Local\GitHubDesktop\bin;c:\gradle-8.12.1\bin;C:\Users\ak\AppData\Local\Microsoft\WinGet\Packages\Fastfetch-cli.Fastfetch_Microsoft.Winget.Source_8wekyb3d8bbwe;C:\Users\ak\AppData\Roaming\npm;C:\Program Files\JetBrains\PyCharm Community Edition 2024.2.4\bin;;C:\Python;;.]
03-May-2025 08:53:56.068 INFO [main] org.apache.coyote.AbstractProtocol.init Initializing ProtocolHandler ["http-nio-8080"]
03-May-2025 08:53:56.093 INFO [main] org.apache.catalina.startup.Catalina.load Server initialization in [575] milliseconds
03-May-2025 08:53:56.153 INFO [main] org.apache.catalina.core.StandardService.startInternal Starting service [Catalina]
03-May-2025 08:53:56.153 INFO [main] org.apache.catalina.core.StandardEngine.startInternal Starting Servlet engine: [Apache Tomcat/11.0.6]
03-May-2025 08:53:56.169 INFO [main] org.apache.catalina.startup.HostConfig.deployDirectory Deploying web application directory [C:\tomcat11\webapps\docs]
03-May-2025 08:53:56.460 INFO [main] org.apache.catalina.startup.HostConfig.deployDirectory Deployment of web application directory [C:\tomcat11\webapps\docs] has finished in [291] ms
03-May-2025 08:53:56.460 INFO [main] org.apache.catalina.startup.HostConfig.deployDirectory Deploying web application directory [C:\tomcat11\webapps\examples]
03-May-2025 08:53:56.822 INFO [main] org.apache.catalina.startup.HostConfig.deployDirectory Deployment of web application directory [C:\tomcat11\webapps\examples] has finished in [362] ms
03-May-2025 08:53:56.823 INFO [main] org.apache.catalina.startup.HostConfig.deployDirectory Deploying web application directory [C:\tomcat11\webapps\host-manager]
03-May-2025 08:53:56.861 INFO [main] org.apache.catalina.startup.HostConfig.deployDirectory Deployment of web application directory [C:\tomcat11\webapps\host-manager] has finished in [37] ms
03-May-2025 08:53:56.862 INFO [main] org.apache.catalina.startup.HostConfig.deployDirectory Deploying web application directory [C:\tomcat11\webapps\manager]
03-May-2025 08:53:56.892 INFO [main] org.apache.catalina.startup.HostConfig.deployDirectory Deployment of web application directory [C:\tomcat11\webapps\manager] has finished in [30] ms
03-May-2025 08:53:56.892 INFO [main] org.apache.catalina.startup.HostConfig.deployDirectory Deploying web application directory [C:\tomcat11\webapps\one]
03-May-2025 08:53:56.928 INFO [main] org.apache.catalina.startup.HostConfig.deployDirectory Deployment of web application directory [C:\tomcat11\webapps\one] has finished in [36] ms
03-May-2025 08:53:56.929 INFO [main] org.apache.catalina.startup.HostConfig.deployDirectory Deploying web application directory [C:\tomcat11\webapps\ROOT]
03-May-2025 08:53:56.953 INFO [main] org.apache.catalina.startup.HostConfig.deployDirectory Deployment of web application directory [C:\tomcat11\webapps\ROOT] has finished in [23] ms
03-May-2025 08:53:56.960 INFO [main] org.apache.coyote.AbstractProtocol.start Starting ProtocolHandler ["http-nio-8080"]
03-May-2025 08:53:56.984 INFO [main] org.apache.catalina.startup.Catalina.start Server startup in [889] milliseconds
03-May-2025 08:58:55.574 INFO [Thread-1] org.apache.coyote.AbstractProtocol.pause Pausing ProtocolHandler ["http-nio-8080"]
03-May-2025 08:58:55.579 INFO [Thread-1] org.apache.catalina.core.StandardService.stopInternal Stopping service [Catalina]
03-May-2025 08:58:55.601 INFO [Thread-1] org.apache.coyote.AbstractProtocol.stop Stopping ProtocolHandler ["http-nio-8080"]
03-May-2025 08:58:55.606 INFO [Thread-1] org.apache.coyote.AbstractProtocol.destroy Destroying ProtocolHandler ["http-nio-8080"]
03-May-2025 08:58:58.149 INFO [main] org.apache.catalina.startup.VersionLoggerListener.log Server version name:   Apache Tomcat/11.0.6
03-May-2025 08:58:58.153 INFO [main] org.apache.catalina.startup.VersionLoggerListener.log Server built:          Apr 1 2025 14:40:40 UTC
03-May-2025 08:58:58.153 INFO [main] org.apache.catalina.startup.VersionLoggerListener.log Server version number: 11.0.6.0
03-May-2025 08:58:58.153 INFO [main] org.apache.catalina.startup.VersionLoggerListener.log OS Name:               Windows 10
03-May-2025 08:58:58.153 INFO [main] org.apache.catalina.startup.VersionLoggerListener.log OS Version:            10.0
03-May-2025 08:58:58.154 INFO [main] org.apache.catalina.startup.VersionLoggerListener.log Architecture:          amd64
03-May-2025 08:58:58.154 INFO [main] org.apache.catalina.startup.VersionLoggerListener.log Java Home:             c:\jdk23
03-May-2025 08:58:58.154 INFO [main] org.apache.catalina.startup.VersionLoggerListener.log JVM Version:           23+37-2369
03-May-2025 08:58:58.154 INFO [main] org.apache.catalina.startup.VersionLoggerListener.log JVM Vendor:            Oracle Corporation
03-May-2025 08:58:58.155 INFO [main] org.apache.catalina.startup.VersionLoggerListener.log CATALINA_BASE:         C:\tomcat11
03-May-2025 08:58:58.155 INFO [main] org.apache.catalina.startup.VersionLoggerListener.log CATALINA_HOME:         C:\tomcat11
03-May-2025 08:58:58.164 INFO [main] org.apache.catalina.startup.VersionLoggerListener.log Command line argument: -Djava.util.logging.config.file=c:\tomcat11\conf\logging.properties
03-May-2025 08:58:58.165 INFO [main] org.apache.catalina.startup.VersionLoggerListener.log Command line argument: -Djava.util.logging.manager=org.apache.juli.ClassLoaderLogManager
03-May-2025 08:58:58.166 INFO [main] org.apache.catalina.startup.VersionLoggerListener.log Command line argument: -Djdk.tls.ephemeralDHKeySize=2048
03-May-2025 08:58:58.167 INFO [main] org.apache.catalina.startup.VersionLoggerListener.log Command line argument: --add-opens=java.base/java.lang=ALL-UNNAMED
03-May-2025 08:58:58.167 INFO [main] org.apache.catalina.startup.VersionLoggerListener.log Command line argument: --add-opens=java.base/java.lang.reflect=ALL-UNNAMED
03-May-2025 08:58:58.167 INFO [main] org.apache.catalina.startup.VersionLoggerListener.log Command line argument: --add-opens=java.base/java.io=ALL-UNNAMED
03-May-2025 08:58:58.168 INFO [main] org.apache.catalina.startup.VersionLoggerListener.log Command line argument: --add-opens=java.base/java.util=ALL-UNNAMED
03-May-2025 08:58:58.169 INFO [main] org.apache.catalina.startup.VersionLoggerListener.log Command line argument: --add-opens=java.base/java.util.concurrent=ALL-UNNAMED
03-May-2025 08:58:58.170 INFO [main] org.apache.catalina.startup.VersionLoggerListener.log Command line argument: --add-opens=java.rmi/sun.rmi.transport=ALL-UNNAMED
03-May-2025 08:58:58.170 INFO [main] org.apache.catalina.startup.VersionLoggerListener.log Command line argument: --enable-native-access=ALL-UNNAMED
03-May-2025 08:58:58.171 INFO [main] org.apache.catalina.startup.VersionLoggerListener.log Command line argument: -Dcatalina.base=c:\tomcat11
03-May-2025 08:58:58.171 INFO [main] org.apache.catalina.startup.VersionLoggerListener.log Command line argument: -Dcatalina.home=c:\tomcat11
03-May-2025 08:58:58.172 INFO [main] org.apache.catalina.startup.VersionLoggerListener.log Command line argument: -Djava.io.tmpdir=c:\tomcat11\temp
03-May-2025 08:58:58.185 INFO [main] org.apache.catalina.core.AprLifecycleListener.lifecycleEvent The Apache Tomcat Native library which allows using OpenSSL was not found on the java.library.path: [c:\jdk23\bin;C:\Windows\Sun\Java\bin;C:\Windows\system32;C:\Windows;C:\Program Files\Common Files\Oracle\Java\javapath;C:\Windows\system32;C:\Windows;C:\Windows\System32\Wbem;C:\Windows\System32\WindowsPowerShell\v1.0\;C:\Windows\System32\OpenSSH\;C:\MinGW\bin;c:\jdk23\BIN;C:\jdk23\bin;C:\mongo-cxx-driver-r3.11.0\src\mongocxx\cmake;C:\apache-maven-3.9.9\apache-maven\src\bin;C:\Program Files\Git\cmd;c:\gradle-8.12.1\bin;C:\Program Files\nodejs\;C:\Program Files\PostgreSQL\17\bin;C:\Python;C:\Program Files\JetBrains\PyCharm Community Edition 2024.2.4\bin;C:\Users\ak\AppData\Local\Programs\Python\Python310\Scripts\;C:\Users\ak\AppData\Local\Programs\Python\Python310\;C:\Users\ak\AppData\Local\Programs\Python\Python313\Scripts\;C:\Users\ak\AppData\Local\Programs\Python\Python313\;C:\Users\ak\AppData\Local\Microsoft\WindowsApps;C:\Users\ak\AppData\Local\Programs\Microsoft VS Code\bin;C:\jdk23\bin;C:\Program Files\nodejs\node_modules\npm\bin;C:\Users\ak\AppData\Local\GitHubDesktop\bin;c:\gradle-8.12.1\bin;C:\Users\ak\AppData\Local\Microsoft\WinGet\Packages\Fastfetch-cli.Fastfetch_Microsoft.Winget.Source_8wekyb3d8bbwe;C:\Users\ak\AppData\Roaming\npm;C:\Program Files\JetBrains\PyCharm Community Edition 2024.2.4\bin;;C:\Python;;.]
03-May-2025 08:58:58.501 INFO [main] org.apache.coyote.AbstractProtocol.init Initializing ProtocolHandler ["http-nio-8080"]
03-May-2025 08:58:58.527 INFO [main] org.apache.catalina.startup.Catalina.load Server initialization in [584] milliseconds
03-May-2025 08:58:58.584 INFO [main] org.apache.catalina.core.StandardService.startInternal Starting service [Catalina]
03-May-2025 08:58:58.584 INFO [main] org.apache.catalina.core.StandardEngine.startInternal Starting Servlet engine: [Apache Tomcat/11.0.6]
03-May-2025 08:58:58.599 INFO [main] org.apache.catalina.startup.HostConfig.deployDirectory Deploying web application directory [C:\tomcat11\webapps\docs]
03-May-2025 08:58:58.912 INFO [main] org.apache.catalina.startup.HostConfig.deployDirectory Deployment of web application directory [C:\tomcat11\webapps\docs] has finished in [312] ms
03-May-2025 08:58:58.912 INFO [main] org.apache.catalina.startup.HostConfig.deployDirectory Deploying web application directory [C:\tomcat11\webapps\examples]
03-May-2025 08:58:59.273 INFO [main] org.apache.catalina.startup.HostConfig.deployDirectory Deployment of web application directory [C:\tomcat11\webapps\examples] has finished in [361] ms
03-May-2025 08:58:59.273 INFO [main] org.apache.catalina.startup.HostConfig.deployDirectory Deploying web application directory [C:\tomcat11\webapps\host-manager]
03-May-2025 08:58:59.315 INFO [main] org.apache.catalina.startup.HostConfig.deployDirectory Deployment of web application directory [C:\tomcat11\webapps\host-manager] has finished in [41] ms
03-May-2025 08:58:59.315 INFO [main] org.apache.catalina.startup.HostConfig.deployDirectory Deploying web application directory [C:\tomcat11\webapps\manager]
03-May-2025 08:58:59.348 INFO [main] org.apache.catalina.startup.HostConfig.deployDirectory Deployment of web application directory [C:\tomcat11\webapps\manager] has finished in [33] ms
03-May-2025 08:58:59.349 INFO [main] org.apache.catalina.startup.HostConfig.deployDirectory Deploying web application directory [C:\tomcat11\webapps\one]
03-May-2025 08:58:59.389 INFO [main] org.apache.catalina.startup.HostConfig.deployDirectory Deployment of web application directory [C:\tomcat11\webapps\one] has finished in [40] ms
03-May-2025 08:58:59.390 INFO [main] org.apache.catalina.startup.HostConfig.deployDirectory Deploying web application directory [C:\tomcat11\webapps\ROOT]
03-May-2025 08:58:59.414 INFO [main] org.apache.catalina.startup.HostConfig.deployDirectory Deployment of web application directory [C:\tomcat11\webapps\ROOT] has finished in [24] ms
03-May-2025 08:58:59.422 INFO [main] org.apache.coyote.AbstractProtocol.start Starting ProtocolHandler ["http-nio-8080"]
03-May-2025 08:58:59.447 INFO [main] org.apache.catalina.startup.Catalina.start Server startup in [918] milliseconds
03-May-2025 09:00:50.115 INFO [Thread-1] org.apache.coyote.AbstractProtocol.pause Pausing ProtocolHandler ["http-nio-8080"]
03-May-2025 09:00:50.121 INFO [Thread-1] org.apache.catalina.core.StandardService.stopInternal Stopping service [Catalina]
03-May-2025 09:00:50.147 INFO [Thread-1] org.apache.coyote.AbstractProtocol.stop Stopping ProtocolHandler ["http-nio-8080"]
03-May-2025 09:00:50.153 INFO [Thread-1] org.apache.coyote.AbstractProtocol.destroy Destroying ProtocolHandler ["http-nio-8080"]
03-May-2025 09:00:52.581 INFO [main] org.apache.catalina.startup.VersionLoggerListener.log Server version name:   Apache Tomcat/11.0.6
03-May-2025 09:00:52.587 INFO [main] org.apache.catalina.startup.VersionLoggerListener.log Server built:          Apr 1 2025 14:40:40 UTC
03-May-2025 09:00:52.587 INFO [main] org.apache.catalina.startup.VersionLoggerListener.log Server version number: 11.0.6.0
03-May-2025 09:00:52.587 INFO [main] org.apache.catalina.startup.VersionLoggerListener.log OS Name:               Windows 10
03-May-2025 09:00:52.587 INFO [main] org.apache.catalina.startup.VersionLoggerListener.log OS Version:            10.0
03-May-2025 09:00:52.588 INFO [main] org.apache.catalina.startup.VersionLoggerListener.log Architecture:          amd64
03-May-2025 09:00:52.588 INFO [main] org.apache.catalina.startup.VersionLoggerListener.log Java Home:             c:\jdk23
03-May-2025 09:00:52.588 INFO [main] org.apache.catalina.startup.VersionLoggerListener.log JVM Version:           23+37-2369
03-May-2025 09:00:52.588 INFO [main] org.apache.catalina.startup.VersionLoggerListener.log JVM Vendor:            Oracle Corporation
03-May-2025 09:00:52.589 INFO [main] org.apache.catalina.startup.VersionLoggerListener.log CATALINA_BASE:         C:\tomcat11
03-May-2025 09:00:52.589 INFO [main] org.apache.catalina.startup.VersionLoggerListener.log CATALINA_HOME:         C:\tomcat11
03-May-2025 09:00:52.599 INFO [main] org.apache.catalina.startup.VersionLoggerListener.log Command line argument: -Djava.util.logging.config.file=c:\tomcat11\conf\logging.properties
03-May-2025 09:00:52.599 INFO [main] org.apache.catalina.startup.VersionLoggerListener.log Command line argument: -Djava.util.logging.manager=org.apache.juli.ClassLoaderLogManager
03-May-2025 09:00:52.599 INFO [main] org.apache.catalina.startup.VersionLoggerListener.log Command line argument: -Djdk.tls.ephemeralDHKeySize=2048
03-May-2025 09:00:52.599 INFO [main] org.apache.catalina.startup.VersionLoggerListener.log Command line argument: --add-opens=java.base/java.lang=ALL-UNNAMED
03-May-2025 09:00:52.600 INFO [main] org.apache.catalina.startup.VersionLoggerListener.log Command line argument: --add-opens=java.base/java.lang.reflect=ALL-UNNAMED
03-May-2025 09:00:52.602 INFO [main] org.apache.catalina.startup.VersionLoggerListener.log Command line argument: --add-opens=java.base/java.io=ALL-UNNAMED
03-May-2025 09:00:52.602 INFO [main] org.apache.catalina.startup.VersionLoggerListener.log Command line argument: --add-opens=java.base/java.util=ALL-UNNAMED
03-May-2025 09:00:52.604 INFO [main] org.apache.catalina.startup.VersionLoggerListener.log Command line argument: --add-opens=java.base/java.util.concurrent=ALL-UNNAMED
03-May-2025 09:00:52.604 INFO [main] org.apache.catalina.startup.VersionLoggerListener.log Command line argument: --add-opens=java.rmi/sun.rmi.transport=ALL-UNNAMED
03-May-2025 09:00:52.605 INFO [main] org.apache.catalina.startup.VersionLoggerListener.log Command line argument: --enable-native-access=ALL-UNNAMED
03-May-2025 09:00:52.605 INFO [main] org.apache.catalina.startup.VersionLoggerListener.log Command line argument: -Dcatalina.base=c:\tomcat11
03-May-2025 09:00:52.606 INFO [main] org.apache.catalina.startup.VersionLoggerListener.log Command line argument: -Dcatalina.home=c:\tomcat11
03-May-2025 09:00:52.606 INFO [main] org.apache.catalina.startup.VersionLoggerListener.log Command line argument: -Djava.io.tmpdir=c:\tomcat11\temp
03-May-2025 09:00:52.619 INFO [main] org.apache.catalina.core.AprLifecycleListener.lifecycleEvent The Apache Tomcat Native library which allows using OpenSSL was not found on the java.library.path: [c:\jdk23\bin;C:\Windows\Sun\Java\bin;C:\Windows\system32;C:\Windows;C:\Program Files\Common Files\Oracle\Java\javapath;C:\Windows\system32;C:\Windows;C:\Windows\System32\Wbem;C:\Windows\System32\WindowsPowerShell\v1.0\;C:\Windows\System32\OpenSSH\;C:\MinGW\bin;c:\jdk23\BIN;C:\jdk23\bin;C:\mongo-cxx-driver-r3.11.0\src\mongocxx\cmake;C:\apache-maven-3.9.9\apache-maven\src\bin;C:\Program Files\Git\cmd;c:\gradle-8.12.1\bin;C:\Program Files\nodejs\;C:\Program Files\PostgreSQL\17\bin;C:\Python;C:\Program Files\JetBrains\PyCharm Community Edition 2024.2.4\bin;C:\Users\ak\AppData\Local\Programs\Python\Python310\Scripts\;C:\Users\ak\AppData\Local\Programs\Python\Python310\;C:\Users\ak\AppData\Local\Programs\Python\Python313\Scripts\;C:\Users\ak\AppData\Local\Programs\Python\Python313\;C:\Users\ak\AppData\Local\Microsoft\WindowsApps;C:\Users\ak\AppData\Local\Programs\Microsoft VS Code\bin;C:\jdk23\bin;C:\Program Files\nodejs\node_modules\npm\bin;C:\Users\ak\AppData\Local\GitHubDesktop\bin;c:\gradle-8.12.1\bin;C:\Users\ak\AppData\Local\Microsoft\WinGet\Packages\Fastfetch-cli.Fastfetch_Microsoft.Winget.Source_8wekyb3d8bbwe;C:\Users\ak\AppData\Roaming\npm;C:\Program Files\JetBrains\PyCharm Community Edition 2024.2.4\bin;;C:\Python;;.]
03-May-2025 09:00:52.925 INFO [main] org.apache.coyote.AbstractProtocol.init Initializing ProtocolHandler ["http-nio-8080"]
03-May-2025 09:00:52.948 INFO [main] org.apache.catalina.startup.Catalina.load Server initialization in [562] milliseconds
03-May-2025 09:00:53.002 INFO [main] org.apache.catalina.core.StandardService.startInternal Starting service [Catalina]
03-May-2025 09:00:53.002 INFO [main] org.apache.catalina.core.StandardEngine.startInternal Starting Servlet engine: [Apache Tomcat/11.0.6]
03-May-2025 09:00:53.018 INFO [main] org.apache.catalina.startup.HostConfig.deployDirectory Deploying web application directory [C:\tomcat11\webapps\docs]
03-May-2025 09:00:53.315 INFO [main] org.apache.catalina.startup.HostConfig.deployDirectory Deployment of web application directory [C:\tomcat11\webapps\docs] has finished in [297] ms
03-May-2025 09:00:53.316 INFO [main] org.apache.catalina.startup.HostConfig.deployDirectory Deploying web application directory [C:\tomcat11\webapps\examples]
03-May-2025 09:00:53.662 INFO [main] org.apache.catalina.startup.HostConfig.deployDirectory Deployment of web application directory [C:\tomcat11\webapps\examples] has finished in [347] ms
03-May-2025 09:00:53.663 INFO [main] org.apache.catalina.startup.HostConfig.deployDirectory Deploying web application directory [C:\tomcat11\webapps\host-manager]
03-May-2025 09:00:53.696 INFO [main] org.apache.catalina.startup.HostConfig.deployDirectory Deployment of web application directory [C:\tomcat11\webapps\host-manager] has finished in [32] ms
03-May-2025 09:00:53.696 INFO [main] org.apache.catalina.startup.HostConfig.deployDirectory Deploying web application directory [C:\tomcat11\webapps\manager]
03-May-2025 09:00:53.729 INFO [main] org.apache.catalina.startup.HostConfig.deployDirectory Deployment of web application directory [C:\tomcat11\webapps\manager] has finished in [33] ms
03-May-2025 09:00:53.729 INFO [main] org.apache.catalina.startup.HostConfig.deployDirectory Deploying web application directory [C:\tomcat11\webapps\one]
03-May-2025 09:00:53.772 INFO [main] org.apache.catalina.startup.HostConfig.deployDirectory Deployment of web application directory [C:\tomcat11\webapps\one] has finished in [42] ms
03-May-2025 09:00:53.772 INFO [main] org.apache.catalina.startup.HostConfig.deployDirectory Deploying web application directory [C:\tomcat11\webapps\ROOT]
03-May-2025 09:00:53.797 INFO [main] org.apache.catalina.startup.HostConfig.deployDirectory Deployment of web application directory [C:\tomcat11\webapps\ROOT] has finished in [24] ms
03-May-2025 09:00:53.807 INFO [main] org.apache.coyote.AbstractProtocol.start Starting ProtocolHandler ["http-nio-8080"]
03-May-2025 09:00:53.830 INFO [main] org.apache.catalina.startup.Catalina.start Server startup in [879] milliseconds
03-May-2025 09:01:43.019 INFO [Thread-1] org.apache.coyote.AbstractProtocol.pause Pausing ProtocolHandler ["http-nio-8080"]
03-May-2025 09:01:43.024 INFO [Thread-1] org.apache.catalina.core.StandardService.stopInternal Stopping service [Catalina]
03-May-2025 09:01:43.053 INFO [Thread-1] org.apache.coyote.AbstractProtocol.stop Stopping ProtocolHandler ["http-nio-8080"]
03-May-2025 09:01:43.067 INFO [Thread-1] org.apache.coyote.AbstractProtocol.destroy Destroying ProtocolHandler ["http-nio-8080"]
03-May-2025 09:01:47.297 INFO [main] org.apache.catalina.startup.VersionLoggerListener.log Server version name:   Apache Tomcat/11.0.6
03-May-2025 09:01:47.301 INFO [main] org.apache.catalina.startup.VersionLoggerListener.log Server built:          Apr 1 2025 14:40:40 UTC
03-May-2025 09:01:47.302 INFO [main] org.apache.catalina.startup.VersionLoggerListener.log Server version number: 11.0.6.0
03-May-2025 09:01:47.302 INFO [main] org.apache.catalina.startup.VersionLoggerListener.log OS Name:               Windows 10
03-May-2025 09:01:47.302 INFO [main] org.apache.catalina.startup.VersionLoggerListener.log OS Version:            10.0
03-May-2025 09:01:47.302 INFO [main] org.apache.catalina.startup.VersionLoggerListener.log Architecture:          amd64
03-May-2025 09:01:47.303 INFO [main] org.apache.catalina.startup.VersionLoggerListener.log Java Home:             c:\jdk23
03-May-2025 09:01:47.303 INFO [main] org.apache.catalina.startup.VersionLoggerListener.log JVM Version:           23+37-2369
03-May-2025 09:01:47.303 INFO [main] org.apache.catalina.startup.VersionLoggerListener.log JVM Vendor:            Oracle Corporation
03-May-2025 09:01:47.304 INFO [main] org.apache.catalina.startup.VersionLoggerListener.log CATALINA_BASE:         C:\tomcat11
03-May-2025 09:01:47.304 INFO [main] org.apache.catalina.startup.VersionLoggerListener.log CATALINA_HOME:         C:\tomcat11
03-May-2025 09:01:47.314 INFO [main] org.apache.catalina.startup.VersionLoggerListener.log Command line argument: -Djava.util.logging.config.file=c:\tomcat11\conf\logging.properties
03-May-2025 09:01:47.314 INFO [main] org.apache.catalina.startup.VersionLoggerListener.log Command line argument: -Djava.util.logging.manager=org.apache.juli.ClassLoaderLogManager
03-May-2025 09:01:47.315 INFO [main] org.apache.catalina.startup.VersionLoggerListener.log Command line argument: -Djdk.tls.ephemeralDHKeySize=2048
03-May-2025 09:01:47.315 INFO [main] org.apache.catalina.startup.VersionLoggerListener.log Command line argument: --add-opens=java.base/java.lang=ALL-UNNAMED
03-May-2025 09:01:47.316 INFO [main] org.apache.catalina.startup.VersionLoggerListener.log Command line argument: --add-opens=java.base/java.lang.reflect=ALL-UNNAMED
03-May-2025 09:01:47.316 INFO [main] org.apache.catalina.startup.VersionLoggerListener.log Command line argument: --add-opens=java.base/java.io=ALL-UNNAMED
03-May-2025 09:01:47.316 INFO [main] org.apache.catalina.startup.VersionLoggerListener.log Command line argument: --add-opens=java.base/java.util=ALL-UNNAMED
03-May-2025 09:01:47.317 INFO [main] org.apache.catalina.startup.VersionLoggerListener.log Command line argument: --add-opens=java.base/java.util.concurrent=ALL-UNNAMED
03-May-2025 09:01:47.318 INFO [main] org.apache.catalina.startup.VersionLoggerListener.log Command line argument: --add-opens=java.rmi/sun.rmi.transport=ALL-UNNAMED
03-May-2025 09:01:47.319 INFO [main] org.apache.catalina.startup.VersionLoggerListener.log Command line argument: --enable-native-access=ALL-UNNAMED
03-May-2025 09:01:47.319 INFO [main] org.apache.catalina.startup.VersionLoggerListener.log Command line argument: -Dcatalina.base=c:\tomcat11
03-May-2025 09:01:47.320 INFO [main] org.apache.catalina.startup.VersionLoggerListener.log Command line argument: -Dcatalina.home=c:\tomcat11
03-May-2025 09:01:47.321 INFO [main] org.apache.catalina.startup.VersionLoggerListener.log Command line argument: -Djava.io.tmpdir=c:\tomcat11\temp
03-May-2025 09:01:47.334 INFO [main] org.apache.catalina.core.AprLifecycleListener.lifecycleEvent The Apache Tomcat Native library which allows using OpenSSL was not found on the java.library.path: [c:\jdk23\bin;C:\Windows\Sun\Java\bin;C:\Windows\system32;C:\Windows;C:\Program Files\Common Files\Oracle\Java\javapath;C:\Windows\system32;C:\Windows;C:\Windows\System32\Wbem;C:\Windows\System32\WindowsPowerShell\v1.0\;C:\Windows\System32\OpenSSH\;C:\MinGW\bin;c:\jdk23\BIN;C:\jdk23\bin;C:\mongo-cxx-driver-r3.11.0\src\mongocxx\cmake;C:\apache-maven-3.9.9\apache-maven\src\bin;C:\Program Files\Git\cmd;c:\gradle-8.12.1\bin;C:\Program Files\nodejs\;C:\Program Files\PostgreSQL\17\bin;C:\Python;C:\Program Files\JetBrains\PyCharm Community Edition 2024.2.4\bin;C:\Users\ak\AppData\Local\Programs\Python\Python310\Scripts\;C:\Users\ak\AppData\Local\Programs\Python\Python310\;C:\Users\ak\AppData\Local\Programs\Python\Python313\Scripts\;C:\Users\ak\AppData\Local\Programs\Python\Python313\;C:\Users\ak\AppData\Local\Microsoft\WindowsApps;C:\Users\ak\AppData\Local\Programs\Microsoft VS Code\bin;C:\jdk23\bin;C:\Program Files\nodejs\node_modules\npm\bin;C:\Users\ak\AppData\Local\GitHubDesktop\bin;c:\gradle-8.12.1\bin;C:\Users\ak\AppData\Local\Microsoft\WinGet\Packages\Fastfetch-cli.Fastfetch_Microsoft.Winget.Source_8wekyb3d8bbwe;C:\Users\ak\AppData\Roaming\npm;C:\Program Files\JetBrains\PyCharm Community Edition 2024.2.4\bin;;C:\Python;;.]
03-May-2025 09:01:47.648 INFO [main] org.apache.coyote.AbstractProtocol.init Initializing ProtocolHandler ["http-nio-8080"]
03-May-2025 09:01:47.673 INFO [main] org.apache.catalina.startup.Catalina.load Server initialization in [567] milliseconds
03-May-2025 09:01:47.726 INFO [main] org.apache.catalina.core.StandardService.startInternal Starting service [Catalina]
03-May-2025 09:01:47.726 INFO [main] org.apache.catalina.core.StandardEngine.startInternal Starting Servlet engine: [Apache Tomcat/11.0.6]
03-May-2025 09:01:47.741 INFO [main] org.apache.catalina.startup.HostConfig.deployDirectory Deploying web application directory [C:\tomcat11\webapps\docs]
03-May-2025 09:01:48.045 INFO [main] org.apache.catalina.startup.HostConfig.deployDirectory Deployment of web application directory [C:\tomcat11\webapps\docs] has finished in [304] ms
03-May-2025 09:01:48.046 INFO [main] org.apache.catalina.startup.HostConfig.deployDirectory Deploying web application directory [C:\tomcat11\webapps\examples]
03-May-2025 09:01:48.382 INFO [main] org.apache.catalina.startup.HostConfig.deployDirectory Deployment of web application directory [C:\tomcat11\webapps\examples] has finished in [336] ms
03-May-2025 09:01:48.383 INFO [main] org.apache.catalina.startup.HostConfig.deployDirectory Deploying web application directory [C:\tomcat11\webapps\host-manager]
03-May-2025 09:01:48.417 INFO [main] org.apache.catalina.startup.HostConfig.deployDirectory Deployment of web application directory [C:\tomcat11\webapps\host-manager] has finished in [33] ms
03-May-2025 09:01:48.417 INFO [main] org.apache.catalina.startup.HostConfig.deployDirectory Deploying web application directory [C:\tomcat11\webapps\manager]
03-May-2025 09:01:48.449 INFO [main] org.apache.catalina.startup.HostConfig.deployDirectory Deployment of web application directory [C:\tomcat11\webapps\manager] has finished in [32] ms
03-May-2025 09:01:48.449 INFO [main] org.apache.catalina.startup.HostConfig.deployDirectory Deploying web application directory [C:\tomcat11\webapps\one]
03-May-2025 09:01:48.486 INFO [main] org.apache.catalina.startup.HostConfig.deployDirectory Deployment of web application directory [C:\tomcat11\webapps\one] has finished in [37] ms
03-May-2025 09:01:48.487 INFO [main] org.apache.catalina.startup.HostConfig.deployDirectory Deploying web application directory [C:\tomcat11\webapps\ROOT]
03-May-2025 09:01:48.509 INFO [main] org.apache.catalina.startup.HostConfig.deployDirectory Deployment of web application directory [C:\tomcat11\webapps\ROOT] has finished in [23] ms
03-May-2025 09:01:48.515 INFO [main] org.apache.coyote.AbstractProtocol.start Starting ProtocolHandler ["http-nio-8080"]
03-May-2025 09:01:48.550 INFO [main] org.apache.catalina.startup.Catalina.start Server startup in [875] milliseconds
03-May-2025 09:02:56.255 INFO [Thread-1] org.apache.coyote.AbstractProtocol.pause Pausing ProtocolHandler ["http-nio-8080"]
03-May-2025 09:02:56.260 INFO [Thread-1] org.apache.catalina.core.StandardService.stopInternal Stopping service [Catalina]
03-May-2025 09:02:56.285 INFO [Thread-1] org.apache.coyote.AbstractProtocol.stop Stopping ProtocolHandler ["http-nio-8080"]
03-May-2025 09:02:56.297 INFO [Thread-1] org.apache.coyote.AbstractProtocol.destroy Destroying ProtocolHandler ["http-nio-8080"]
03-May-2025 09:02:58.039 INFO [main] org.apache.catalina.startup.VersionLoggerListener.log Server version name:   Apache Tomcat/11.0.6
03-May-2025 09:02:58.044 INFO [main] org.apache.catalina.startup.VersionLoggerListener.log Server built:          Apr 1 2025 14:40:40 UTC
03-May-2025 09:02:58.045 INFO [main] org.apache.catalina.startup.VersionLoggerListener.log Server version number: 11.0.6.0
03-May-2025 09:02:58.045 INFO [main] org.apache.catalina.startup.VersionLoggerListener.log OS Name:               Windows 10
03-May-2025 09:02:58.046 INFO [main] org.apache.catalina.startup.VersionLoggerListener.log OS Version:            10.0
03-May-2025 09:02:58.046 INFO [main] org.apache.catalina.startup.VersionLoggerListener.log Architecture:          amd64
03-May-2025 09:02:58.046 INFO [main] org.apache.catalina.startup.VersionLoggerListener.log Java Home:             c:\jdk23
03-May-2025 09:02:58.047 INFO [main] org.apache.catalina.startup.VersionLoggerListener.log JVM Version:           23+37-2369
03-May-2025 09:02:58.047 INFO [main] org.apache.catalina.startup.VersionLoggerListener.log JVM Vendor:            Oracle Corporation
03-May-2025 09:02:58.048 INFO [main] org.apache.catalina.startup.VersionLoggerListener.log CATALINA_BASE:         C:\tomcat11
03-May-2025 09:02:58.048 INFO [main] org.apache.catalina.startup.VersionLoggerListener.log CATALINA_HOME:         C:\tomcat11
03-May-2025 09:02:58.056 INFO [main] org.apache.catalina.startup.VersionLoggerListener.log Command line argument: -Djava.util.logging.config.file=c:\tomcat11\conf\logging.properties
03-May-2025 09:02:58.056 INFO [main] org.apache.catalina.startup.VersionLoggerListener.log Command line argument: -Djava.util.logging.manager=org.apache.juli.ClassLoaderLogManager
03-May-2025 09:02:58.056 INFO [main] org.apache.catalina.startup.VersionLoggerListener.log Command line argument: -Djdk.tls.ephemeralDHKeySize=2048
03-May-2025 09:02:58.057 INFO [main] org.apache.catalina.startup.VersionLoggerListener.log Command line argument: --add-opens=java.base/java.lang=ALL-UNNAMED
03-May-2025 09:02:58.057 INFO [main] org.apache.catalina.startup.VersionLoggerListener.log Command line argument: --add-opens=java.base/java.lang.reflect=ALL-UNNAMED
03-May-2025 09:02:58.057 INFO [main] org.apache.catalina.startup.VersionLoggerListener.log Command line argument: --add-opens=java.base/java.io=ALL-UNNAMED
03-May-2025 09:02:58.058 INFO [main] org.apache.catalina.startup.VersionLoggerListener.log Command line argument: --add-opens=java.base/java.util=ALL-UNNAMED
03-May-2025 09:02:58.058 INFO [main] org.apache.catalina.startup.VersionLoggerListener.log Command line argument: --add-opens=java.base/java.util.concurrent=ALL-UNNAMED
03-May-2025 09:02:58.060 INFO [main] org.apache.catalina.startup.VersionLoggerListener.log Command line argument: --add-opens=java.rmi/sun.rmi.transport=ALL-UNNAMED
03-May-2025 09:02:58.060 INFO [main] org.apache.catalina.startup.VersionLoggerListener.log Command line argument: --enable-native-access=ALL-UNNAMED
03-May-2025 09:02:58.061 INFO [main] org.apache.catalina.startup.VersionLoggerListener.log Command line argument: -Dcatalina.base=c:\tomcat11
03-May-2025 09:02:58.061 INFO [main] org.apache.catalina.startup.VersionLoggerListener.log Command line argument: -Dcatalina.home=c:\tomcat11
03-May-2025 09:02:58.062 INFO [main] org.apache.catalina.startup.VersionLoggerListener.log Command line argument: -Djava.io.tmpdir=c:\tomcat11\temp
03-May-2025 09:02:58.075 INFO [main] org.apache.catalina.core.AprLifecycleListener.lifecycleEvent The Apache Tomcat Native library which allows using OpenSSL was not found on the java.library.path: [c:\jdk23\bin;C:\Windows\Sun\Java\bin;C:\Windows\system32;C:\Windows;C:\Program Files\Common Files\Oracle\Java\javapath;C:\Windows\system32;C:\Windows;C:\Windows\System32\Wbem;C:\Windows\System32\WindowsPowerShell\v1.0\;C:\Windows\System32\OpenSSH\;C:\MinGW\bin;c:\jdk23\BIN;C:\jdk23\bin;C:\mongo-cxx-driver-r3.11.0\src\mongocxx\cmake;C:\apache-maven-3.9.9\apache-maven\src\bin;C:\Program Files\Git\cmd;c:\gradle-8.12.1\bin;C:\Program Files\nodejs\;C:\Program Files\PostgreSQL\17\bin;C:\Python;C:\Program Files\JetBrains\PyCharm Community Edition 2024.2.4\bin;C:\Users\ak\AppData\Local\Programs\Python\Python310\Scripts\;C:\Users\ak\AppData\Local\Programs\Python\Python310\;C:\Users\ak\AppData\Local\Programs\Python\Python313\Scripts\;C:\Users\ak\AppData\Local\Programs\Python\Python313\;C:\Users\ak\AppData\Local\Microsoft\WindowsApps;C:\Users\ak\AppData\Local\Programs\Microsoft VS Code\bin;C:\jdk23\bin;C:\Program Files\nodejs\node_modules\npm\bin;C:\Users\ak\AppData\Local\GitHubDesktop\bin;c:\gradle-8.12.1\bin;C:\Users\ak\AppData\Local\Microsoft\WinGet\Packages\Fastfetch-cli.Fastfetch_Microsoft.Winget.Source_8wekyb3d8bbwe;C:\Users\ak\AppData\Roaming\npm;C:\Program Files\JetBrains\PyCharm Community Edition 2024.2.4\bin;;C:\Python;;.]
03-May-2025 09:02:58.389 INFO [main] org.apache.coyote.AbstractProtocol.init Initializing ProtocolHandler ["http-nio-8080"]
03-May-2025 09:02:58.415 INFO [main] org.apache.catalina.startup.Catalina.load Server initialization in [575] milliseconds
03-May-2025 09:02:58.478 INFO [main] org.apache.catalina.core.StandardService.startInternal Starting service [Catalina]
03-May-2025 09:02:58.478 INFO [main] org.apache.catalina.core.StandardEngine.startInternal Starting Servlet engine: [Apache Tomcat/11.0.6]
03-May-2025 09:02:58.491 INFO [main] org.apache.catalina.startup.HostConfig.deployDirectory Deploying web application directory [C:\tomcat11\webapps\docs]
03-May-2025 09:02:58.806 INFO [main] org.apache.catalina.startup.HostConfig.deployDirectory Deployment of web application directory [C:\tomcat11\webapps\docs] has finished in [314] ms
03-May-2025 09:02:58.807 INFO [main] org.apache.catalina.startup.HostConfig.deployDirectory Deploying web application directory [C:\tomcat11\webapps\examples]
03-May-2025 09:02:59.150 INFO [main] org.apache.catalina.startup.HostConfig.deployDirectory Deployment of web application directory [C:\tomcat11\webapps\examples] has finished in [344] ms
03-May-2025 09:02:59.150 INFO [main] org.apache.catalina.startup.HostConfig.deployDirectory Deploying web application directory [C:\tomcat11\webapps\host-manager]
03-May-2025 09:02:59.184 INFO [main] org.apache.catalina.startup.HostConfig.deployDirectory Deployment of web application directory [C:\tomcat11\webapps\host-manager] has finished in [34] ms
03-May-2025 09:02:59.185 INFO [main] org.apache.catalina.startup.HostConfig.deployDirectory Deploying web application directory [C:\tomcat11\webapps\manager]
03-May-2025 09:02:59.215 INFO [main] org.apache.catalina.startup.HostConfig.deployDirectory Deployment of web application directory [C:\tomcat11\webapps\manager] has finished in [30] ms
03-May-2025 09:02:59.216 INFO [main] org.apache.catalina.startup.HostConfig.deployDirectory Deploying web application directory [C:\tomcat11\webapps\one]
03-May-2025 09:02:59.260 INFO [main] org.apache.catalina.startup.HostConfig.deployDirectory Deployment of web application directory [C:\tomcat11\webapps\one] has finished in [44] ms
03-May-2025 09:02:59.260 INFO [main] org.apache.catalina.startup.HostConfig.deployDirectory Deploying web application directory [C:\tomcat11\webapps\ROOT]
03-May-2025 09:02:59.284 INFO [main] org.apache.catalina.startup.HostConfig.deployDirectory Deployment of web application directory [C:\tomcat11\webapps\ROOT] has finished in [23] ms
03-May-2025 09:02:59.291 INFO [main] org.apache.coyote.AbstractProtocol.start Starting ProtocolHandler ["http-nio-8080"]
03-May-2025 09:02:59.316 INFO [main] org.apache.catalina.startup.Catalina.start Server startup in [898] milliseconds
03-May-2025 09:04:24.178 INFO [Thread-1] org.apache.coyote.AbstractProtocol.pause Pausing ProtocolHandler ["http-nio-8080"]
03-May-2025 09:04:24.183 INFO [Thread-1] org.apache.catalina.core.StandardService.stopInternal Stopping service [Catalina]
03-May-2025 09:04:24.209 INFO [Thread-1] org.apache.coyote.AbstractProtocol.stop Stopping ProtocolHandler ["http-nio-8080"]
03-May-2025 09:04:24.215 INFO [Thread-1] org.apache.coyote.AbstractProtocol.destroy Destroying ProtocolHandler ["http-nio-8080"]
03-May-2025 09:04:26.717 INFO [main] org.apache.catalina.startup.VersionLoggerListener.log Server version name:   Apache Tomcat/11.0.6
03-May-2025 09:04:26.722 INFO [main] org.apache.catalina.startup.VersionLoggerListener.log Server built:          Apr 1 2025 14:40:40 UTC
03-May-2025 09:04:26.723 INFO [main] org.apache.catalina.startup.VersionLoggerListener.log Server version number: 11.0.6.0
03-May-2025 09:04:26.723 INFO [main] org.apache.catalina.startup.VersionLoggerListener.log OS Name:               Windows 10
03-May-2025 09:04:26.723 INFO [main] org.apache.catalina.startup.VersionLoggerListener.log OS Version:            10.0
03-May-2025 09:04:26.723 INFO [main] org.apache.catalina.startup.VersionLoggerListener.log Architecture:          amd64
03-May-2025 09:04:26.723 INFO [main] org.apache.catalina.startup.VersionLoggerListener.log Java Home:             c:\jdk23
03-May-2025 09:04:26.724 INFO [main] org.apache.catalina.startup.VersionLoggerListener.log JVM Version:           23+37-2369
03-May-2025 09:04:26.724 INFO [main] org.apache.catalina.startup.VersionLoggerListener.log JVM Vendor:            Oracle Corporation
03-May-2025 09:04:26.724 INFO [main] org.apache.catalina.startup.VersionLoggerListener.log CATALINA_BASE:         C:\tomcat11
03-May-2025 09:04:26.724 INFO [main] org.apache.catalina.startup.VersionLoggerListener.log CATALINA_HOME:         C:\tomcat11
03-May-2025 09:04:26.736 INFO [main] org.apache.catalina.startup.VersionLoggerListener.log Command line argument: -Djava.util.logging.config.file=c:\tomcat11\conf\logging.properties
03-May-2025 09:04:26.736 INFO [main] org.apache.catalina.startup.VersionLoggerListener.log Command line argument: -Djava.util.logging.manager=org.apache.juli.ClassLoaderLogManager
03-May-2025 09:04:26.736 INFO [main] org.apache.catalina.startup.VersionLoggerListener.log Command line argument: -Djdk.tls.ephemeralDHKeySize=2048
03-May-2025 09:04:26.737 INFO [main] org.apache.catalina.startup.VersionLoggerListener.log Command line argument: --add-opens=java.base/java.lang=ALL-UNNAMED
03-May-2025 09:04:26.737 INFO [main] org.apache.catalina.startup.VersionLoggerListener.log Command line argument: --add-opens=java.base/java.lang.reflect=ALL-UNNAMED
03-May-2025 09:04:26.737 INFO [main] org.apache.catalina.startup.VersionLoggerListener.log Command line argument: --add-opens=java.base/java.io=ALL-UNNAMED
03-May-2025 09:04:26.738 INFO [main] org.apache.catalina.startup.VersionLoggerListener.log Command line argument: --add-opens=java.base/java.util=ALL-UNNAMED
03-May-2025 09:04:26.739 INFO [main] org.apache.catalina.startup.VersionLoggerListener.log Command line argument: --add-opens=java.base/java.util.concurrent=ALL-UNNAMED
03-May-2025 09:04:26.739 INFO [main] org.apache.catalina.startup.VersionLoggerListener.log Command line argument: --add-opens=java.rmi/sun.rmi.transport=ALL-UNNAMED
03-May-2025 09:04:26.740 INFO [main] org.apache.catalina.startup.VersionLoggerListener.log Command line argument: --enable-native-access=ALL-UNNAMED
03-May-2025 09:04:26.740 INFO [main] org.apache.catalina.startup.VersionLoggerListener.log Command line argument: -Dcatalina.base=c:\tomcat11
03-May-2025 09:04:26.741 INFO [main] org.apache.catalina.startup.VersionLoggerListener.log Command line argument: -Dcatalina.home=c:\tomcat11
03-May-2025 09:04:26.742 INFO [main] org.apache.catalina.startup.VersionLoggerListener.log Command line argument: -Djava.io.tmpdir=c:\tomcat11\temp
03-May-2025 09:04:26.759 INFO [main] org.apache.catalina.core.AprLifecycleListener.lifecycleEvent The Apache Tomcat Native library which allows using OpenSSL was not found on the java.library.path: [c:\jdk23\bin;C:\Windows\Sun\Java\bin;C:\Windows\system32;C:\Windows;C:\Program Files\Common Files\Oracle\Java\javapath;C:\Windows\system32;C:\Windows;C:\Windows\System32\Wbem;C:\Windows\System32\WindowsPowerShell\v1.0\;C:\Windows\System32\OpenSSH\;C:\MinGW\bin;c:\jdk23\BIN;C:\jdk23\bin;C:\mongo-cxx-driver-r3.11.0\src\mongocxx\cmake;C:\apache-maven-3.9.9\apache-maven\src\bin;C:\Program Files\Git\cmd;c:\gradle-8.12.1\bin;C:\Program Files\nodejs\;C:\Program Files\PostgreSQL\17\bin;C:\Python;C:\Program Files\JetBrains\PyCharm Community Edition 2024.2.4\bin;C:\Users\ak\AppData\Local\Programs\Python\Python310\Scripts\;C:\Users\ak\AppData\Local\Programs\Python\Python310\;C:\Users\ak\AppData\Local\Programs\Python\Python313\Scripts\;C:\Users\ak\AppData\Local\Programs\Python\Python313\;C:\Users\ak\AppData\Local\Microsoft\WindowsApps;C:\Users\ak\AppData\Local\Programs\Microsoft VS Code\bin;C:\jdk23\bin;C:\Program Files\nodejs\node_modules\npm\bin;C:\Users\ak\AppData\Local\GitHubDesktop\bin;c:\gradle-8.12.1\bin;C:\Users\ak\AppData\Local\Microsoft\WinGet\Packages\Fastfetch-cli.Fastfetch_Microsoft.Winget.Source_8wekyb3d8bbwe;C:\Users\ak\AppData\Roaming\npm;C:\Program Files\JetBrains\PyCharm Community Edition 2024.2.4\bin;;C:\Python;;.]
03-May-2025 09:04:27.065 INFO [main] org.apache.coyote.AbstractProtocol.init Initializing ProtocolHandler ["http-nio-8080"]
03-May-2025 09:04:27.091 INFO [main] org.apache.catalina.startup.Catalina.load Server initialization in [573] milliseconds
03-May-2025 09:04:27.141 INFO [main] org.apache.catalina.core.StandardService.startInternal Starting service [Catalina]
03-May-2025 09:04:27.141 INFO [main] org.apache.catalina.core.StandardEngine.startInternal Starting Servlet engine: [Apache Tomcat/11.0.6]
03-May-2025 09:04:27.154 INFO [main] org.apache.catalina.startup.HostConfig.deployDirectory Deploying web application directory [C:\tomcat11\webapps\docs]
03-May-2025 09:04:27.451 INFO [main] org.apache.catalina.startup.HostConfig.deployDirectory Deployment of web application directory [C:\tomcat11\webapps\docs] has finished in [296] ms
03-May-2025 09:04:27.451 INFO [main] org.apache.catalina.startup.HostConfig.deployDirectory Deploying web application directory [C:\tomcat11\webapps\examples]
03-May-2025 09:04:27.798 INFO [main] org.apache.catalina.startup.HostConfig.deployDirectory Deployment of web application directory [C:\tomcat11\webapps\examples] has finished in [347] ms
03-May-2025 09:04:27.799 INFO [main] org.apache.catalina.startup.HostConfig.deployDirectory Deploying web application directory [C:\tomcat11\webapps\host-manager]
03-May-2025 09:04:27.836 INFO [main] org.apache.catalina.startup.HostConfig.deployDirectory Deployment of web application directory [C:\tomcat11\webapps\host-manager] has finished in [37] ms
03-May-2025 09:04:27.837 INFO [main] org.apache.catalina.startup.HostConfig.deployDirectory Deploying web application directory [C:\tomcat11\webapps\manager]
03-May-2025 09:04:27.870 INFO [main] org.apache.catalina.startup.HostConfig.deployDirectory Deployment of web application directory [C:\tomcat11\webapps\manager] has finished in [33] ms
03-May-2025 09:04:27.870 INFO [main] org.apache.catalina.startup.HostConfig.deployDirectory Deploying web application directory [C:\tomcat11\webapps\one]
03-May-2025 09:04:27.931 INFO [main] org.apache.catalina.startup.HostConfig.deployDirectory Deployment of web application directory [C:\tomcat11\webapps\one] has finished in [61] ms
03-May-2025 09:04:27.932 INFO [main] org.apache.catalina.startup.HostConfig.deployDirectory Deploying web application directory [C:\tomcat11\webapps\ROOT]
03-May-2025 09:04:27.956 INFO [main] org.apache.catalina.startup.HostConfig.deployDirectory Deployment of web application directory [C:\tomcat11\webapps\ROOT] has finished in [24] ms
03-May-2025 09:04:27.963 INFO [main] org.apache.coyote.AbstractProtocol.start Starting ProtocolHandler ["http-nio-8080"]
03-May-2025 09:04:27.986 INFO [main] org.apache.catalina.startup.Catalina.start Server startup in [893] milliseconds
03-May-2025 09:09:28.298 INFO [Catalina-utility-1] org.apache.catalina.startup.HostConfig.reload Reloading context [/one]
03-May-2025 09:09:28.299 INFO [Catalina-utility-1] org.apache.catalina.core.StandardContext.reload Reloading Context with name [/one] has started
03-May-2025 09:09:28.337 INFO [Catalina-utility-1] org.apache.catalina.core.StandardContext.reload Reloading Context with name [/one] is completed
03-May-2025 09:19:35.095 INFO [Thread-1] org.apache.coyote.AbstractProtocol.pause Pausing ProtocolHandler ["http-nio-8080"]
03-May-2025 09:19:35.101 INFO [Thread-1] org.apache.catalina.core.StandardService.stopInternal Stopping service [Catalina]
03-May-2025 09:19:35.117 INFO [Thread-1] org.apache.coyote.AbstractProtocol.stop Stopping ProtocolHandler ["http-nio-8080"]
03-May-2025 09:19:35.131 INFO [Thread-1] org.apache.coyote.AbstractProtocol.destroy Destroying ProtocolHandler ["http-nio-8080"]
