01-May-2025 15:41:56.927 INFO [main] org.apache.catalina.startup.VersionLoggerListener.log Server version name:   Apache Tomcat/11.0.6
01-May-2025 15:41:56.936 INFO [main] org.apache.catalina.startup.VersionLoggerListener.log Server built:          Apr 1 2025 14:40:40 UTC
01-May-2025 15:41:56.943 INFO [main] org.apache.catalina.startup.VersionLoggerListener.log Server version number: 11.0.6.0
01-May-2025 15:41:56.943 INFO [main] org.apache.catalina.startup.VersionLoggerListener.log OS Name:               Windows 10
01-May-2025 15:41:56.943 INFO [main] org.apache.catalina.startup.VersionLoggerListener.log OS Version:            10.0
01-May-2025 15:41:56.943 INFO [main] org.apache.catalina.startup.VersionLoggerListener.log Architecture:          amd64
01-May-2025 15:41:56.943 INFO [main] org.apache.catalina.startup.VersionLoggerListener.log Java Home:             c:\jdk23
01-May-2025 15:41:56.944 INFO [main] org.apache.catalina.startup.VersionLoggerListener.log JVM Version:           23+37-2369
01-May-2025 15:41:56.944 INFO [main] org.apache.catalina.startup.VersionLoggerListener.log JVM Vendor:            Oracle Corporation
01-May-2025 15:41:56.944 INFO [main] org.apache.catalina.startup.VersionLoggerListener.log CATALINA_BASE:         C:\tomcat11
01-May-2025 15:41:56.944 INFO [main] org.apache.catalina.startup.VersionLoggerListener.log CATALINA_HOME:         C:\tomcat11
01-May-2025 15:41:56.964 INFO [main] org.apache.catalina.startup.VersionLoggerListener.log Command line argument: -Djava.util.logging.config.file=c:\tomcat11\conf\logging.properties
01-May-2025 15:41:56.965 INFO [main] org.apache.catalina.startup.VersionLoggerListener.log Command line argument: -Djava.util.logging.manager=org.apache.juli.ClassLoaderLogManager
01-May-2025 15:41:56.965 INFO [main] org.apache.catalina.startup.VersionLoggerListener.log Command line argument: -Djdk.tls.ephemeralDHKeySize=2048
01-May-2025 15:41:56.965 INFO [main] org.apache.catalina.startup.VersionLoggerListener.log Command line argument: --add-opens=java.base/java.lang=ALL-UNNAMED
01-May-2025 15:41:56.966 INFO [main] org.apache.catalina.startup.VersionLoggerListener.log Command line argument: --add-opens=java.base/java.lang.reflect=ALL-UNNAMED
01-May-2025 15:41:56.966 INFO [main] org.apache.catalina.startup.VersionLoggerListener.log Command line argument: --add-opens=java.base/java.io=ALL-UNNAMED
01-May-2025 15:41:56.967 INFO [main] org.apache.catalina.startup.VersionLoggerListener.log Command line argument: --add-opens=java.base/java.util=ALL-UNNAMED
01-May-2025 15:41:56.968 INFO [main] org.apache.catalina.startup.VersionLoggerListener.log Command line argument: --add-opens=java.base/java.util.concurrent=ALL-UNNAMED
01-May-2025 15:41:56.972 INFO [main] org.apache.catalina.startup.VersionLoggerListener.log Command line argument: --add-opens=java.rmi/sun.rmi.transport=ALL-UNNAMED
01-May-2025 15:41:56.973 INFO [main] org.apache.catalina.startup.VersionLoggerListener.log Command line argument: --enable-native-access=ALL-UNNAMED
01-May-2025 15:41:56.975 INFO [main] org.apache.catalina.startup.VersionLoggerListener.log Command line argument: -Dcatalina.base=c:\tomcat11
01-May-2025 15:41:56.976 INFO [main] org.apache.catalina.startup.VersionLoggerListener.log Command line argument: -Dcatalina.home=c:\tomcat11
01-May-2025 15:41:56.976 INFO [main] org.apache.catalina.startup.VersionLoggerListener.log Command line argument: -Djava.io.tmpdir=c:\tomcat11\temp
01-May-2025 15:41:56.992 INFO [main] org.apache.catalina.core.AprLifecycleListener.lifecycleEvent The Apache Tomcat Native library which allows using OpenSSL was not found on the java.library.path: [c:\jdk23\bin;C:\Windows\Sun\Java\bin;C:\Windows\system32;C:\Windows;C:\Program Files\Common Files\Oracle\Java\javapath;C:\Windows\system32;C:\Windows;C:\Windows\System32\Wbem;C:\Windows\System32\WindowsPowerShell\v1.0\;C:\Windows\System32\OpenSSH\;C:\MinGW\bin;c:\jdk23\BIN;C:\jdk23\bin;C:\mongo-cxx-driver-r3.11.0\src\mongocxx\cmake;C:\apache-maven-3.9.9\apache-maven\src\bin;C:\Program Files\Git\cmd;c:\gradle-8.12.1\bin;C:\Program Files\nodejs\;C:\Program Files\PostgreSQL\17\bin;C:\Python;C:\Program Files\JetBrains\PyCharm Community Edition 2024.2.4\bin;C:\Users\ak\AppData\Local\Programs\Python\Python310\Scripts\;C:\Users\ak\AppData\Local\Programs\Python\Python310\;C:\Users\ak\AppData\Local\Programs\Python\Python313\Scripts\;C:\Users\ak\AppData\Local\Programs\Python\Python313\;C:\Users\ak\AppData\Local\Microsoft\WindowsApps;C:\Users\ak\AppData\Local\Programs\Microsoft VS Code\bin;C:\jdk23\bin;C:\Program Files\nodejs\node_modules\npm\bin;C:\Users\ak\AppData\Local\GitHubDesktop\bin;c:\gradle-8.12.1\bin;C:\Users\ak\AppData\Local\Microsoft\WinGet\Packages\Fastfetch-cli.Fastfetch_Microsoft.Winget.Source_8wekyb3d8bbwe;C:\Users\ak\AppData\Roaming\npm;C:\Program Files\JetBrains\PyCharm Community Edition 2024.2.4\bin;;C:\Python;;.]
01-May-2025 15:41:57.490 INFO [main] org.apache.coyote.AbstractProtocol.init Initializing ProtocolHandler ["http-nio-8080"]
01-May-2025 15:41:57.543 INFO [main] org.apache.catalina.startup.Catalina.load Server initialization in [983] milliseconds
01-May-2025 15:41:57.650 INFO [main] org.apache.catalina.core.StandardService.startInternal Starting service [Catalina]
01-May-2025 15:41:57.651 INFO [main] org.apache.catalina.core.StandardEngine.startInternal Starting Servlet engine: [Apache Tomcat/11.0.6]
01-May-2025 15:41:57.674 INFO [main] org.apache.catalina.startup.HostConfig.deployDirectory Deploying web application directory [C:\tomcat11\webapps\docs]
01-May-2025 15:41:58.340 INFO [main] org.apache.catalina.startup.HostConfig.deployDirectory Deployment of web application directory [C:\tomcat11\webapps\docs] has finished in [664] ms
01-May-2025 15:41:58.341 INFO [main] org.apache.catalina.startup.HostConfig.deployDirectory Deploying web application directory [C:\tomcat11\webapps\examples]
01-May-2025 15:42:02.467 INFO [main] org.apache.catalina.startup.HostConfig.deployDirectory Deployment of web application directory [C:\tomcat11\webapps\examples] has finished in [4,126] ms
01-May-2025 15:42:02.472 INFO [main] org.apache.catalina.startup.HostConfig.deployDirectory Deploying web application directory [C:\tomcat11\webapps\host-manager]
01-May-2025 15:42:02.591 INFO [main] org.apache.catalina.startup.HostConfig.deployDirectory Deployment of web application directory [C:\tomcat11\webapps\host-manager] has finished in [119] ms
01-May-2025 15:42:02.596 INFO [main] org.apache.catalina.startup.HostConfig.deployDirectory Deploying web application directory [C:\tomcat11\webapps\manager]
01-May-2025 15:42:02.731 INFO [main] org.apache.catalina.startup.HostConfig.deployDirectory Deployment of web application directory [C:\tomcat11\webapps\manager] has finished in [135] ms
01-May-2025 15:42:02.740 INFO [main] org.apache.catalina.startup.HostConfig.deployDirectory Deploying web application directory [C:\tomcat11\webapps\one]
01-May-2025 15:42:02.864 INFO [main] org.apache.catalina.startup.HostConfig.deployDirectory Deployment of web application directory [C:\tomcat11\webapps\one] has finished in [124] ms
01-May-2025 15:42:02.869 INFO [main] org.apache.catalina.startup.HostConfig.deployDirectory Deploying web application directory [C:\tomcat11\webapps\ROOT]
01-May-2025 15:42:02.923 INFO [main] org.apache.catalina.startup.HostConfig.deployDirectory Deployment of web application directory [C:\tomcat11\webapps\ROOT] has finished in [54] ms
01-May-2025 15:42:02.936 INFO [main] org.apache.coyote.AbstractProtocol.start Starting ProtocolHandler ["http-nio-8080"]
01-May-2025 15:42:03.066 INFO [main] org.apache.catalina.startup.Catalina.start Server startup in [5520] milliseconds
